Watching for file changes with StatReloader
2026-05-04 17:04:08,860 INFO [django.utils.autoreload] [request_id=-] Watching for file changes with StatReloader
[04/May/2026 17:04:09] "GET /api/health HTTP/1.1" 200 604
[04/May/2026 17:04:21] "GET /api/health HTTP/1.1" 200 604
[04/May/2026 17:04:21] "GET /api/health HTTP/1.1" 200 604
[04/May/2026 17:04:21] "GET /api/health HTTP/1.1" 200 604
[04/May/2026 17:04:21] "GET /api/health HTTP/1.1" 200 604
[04/May/2026 17:04:22] "GET /api/health HTTP/1.1" 200 604
[04/May/2026 17:04:22] "GET /api/health HTTP/1.1" 200 604
[04/May/2026 17:04:23] "GET /api/health HTTP/1.1" 200 604
[04/May/2026 17:05:01] "GET /api/health HTTP/1.1" 200 604
[04/May/2026 17:05:01] "GET /api/health HTTP/1.1" 200 604
[04/May/2026 17:05:07] "GET /api/health HTTP/1.1" 200 604
[04/May/2026 17:05:19] "GET /api/health HTTP/1.1" 200 604
[04/May/2026 17:05:19] "GET /api/health HTTP/1.1" 200 604
[04/May/2026 17:05:19] "GET /api/health HTTP/1.1" 200 604
[04/May/2026 17:05:20] "GET /api/health HTTP/1.1" 200 604
[04/May/2026 17:05:21] "GET /api/health HTTP/1.1" 200 604
[04/May/2026 17:05:21] "GET /api/health HTTP/1.1" 200 604
[04/May/2026 17:05:22] "GET /api/health HTTP/1.1" 200 604
[04/May/2026 17:05:22] "GET /api/health HTTP/1.1" 200 604
[04/May/2026 17:05:23] "GET /api/health HTTP/1.1" 200 604
[04/May/2026 17:05:23] "GET /api/health HTTP/1.1" 200 604
[04/May/2026 17:05:24] "GET /api/health HTTP/1.1" 200 604
2026-05-04 17:05:24,752 WARNING [django.request] [request_id=-] Unauthorized: /api/auth/me
[04/May/2026 17:05:24] "GET /api/auth/me HTTP/1.1" 401 26
[04/May/2026 17:05:24] "GET /api/health HTTP/1.1" 200 604
[04/May/2026 17:05:24] "POST /api/auth/refresh HTTP/1.1" 200 665
[04/May/2026 17:05:25] "GET /api/profile/me HTTP/1.1" 200 464
[04/May/2026 17:05:25] "GET /api/feed/bootstrap-status HTTP/1.1" 200 182
[04/May/2026 17:05:25] "GET /api/feed/bootstrap-status HTTP/1.1" 200 182
[04/May/2026 17:05:25] "GET /api/feed/bootstrap-status HTTP/1.1" 200 182
[04/May/2026 17:05:25] "GET /api/feed/personalized HTTP/1.1" 200 1526
[04/May/2026 17:05:25] "GET /api/feed/bootstrap-status HTTP/1.1" 200 182
[04/May/2026 17:05:25] "GET /api/feed/personalized HTTP/1.1" 200 1526
[04/May/2026 17:05:25] "GET /api/health HTTP/1.1" 200 604
[04/May/2026 17:05:26] "GET /api/health HTTP/1.1" 200 604
[04/May/2026 17:05:27] "GET /api/health HTTP/1.1" 200 604
[04/May/2026 17:05:27] "GET /api/health HTTP/1.1" 200 604
[04/May/2026 17:05:28] "GET /api/health HTTP/1.1" 200 604
[04/May/2026 17:05:28] "GET /api/health HTTP/1.1" 200 604
[04/May/2026 17:05:29] "GET /api/health HTTP/1.1" 200 604
[04/May/2026 17:05:29] "GET /api/health HTTP/1.1" 200 604
[04/May/2026 17:05:30] "GET /api/feed/bootstrap-status HTTP/1.1" 200 182
[04/May/2026 17:05:30] "GET /api/feed/bootstrap-status HTTP/1.1" 200 182
[04/May/2026 17:05:30] "GET /api/feed/personalized HTTP/1.1" 200 1526
[04/May/2026 17:05:30] "GET /api/health HTTP/1.1" 200 604
[04/May/2026 17:05:30] "GET /api/health HTTP/1.1" 200 604
[04/May/2026 17:05:31] "GET /api/health HTTP/1.1" 200 604
[04/May/2026 17:05:31] "GET /api/health HTTP/1.1" 200 604
[04/May/2026 17:05:32] "GET /api/health HTTP/1.1" 200 604
[04/May/2026 17:05:33] "GET /api/health HTTP/1.1" 200 604
[04/May/2026 17:05:34] "GET /api/health HTTP/1.1" 200 604
[04/May/2026 17:05:34] "GET /api/health HTTP/1.1" 200 604
[04/May/2026 17:05:35] "GET /api/feed/bootstrap-status HTTP/1.1" 200 182
[04/May/2026 17:05:35] "GET /api/feed/bootstrap-status HTTP/1.1" 200 182
[04/May/2026 17:05:35] "GET /api/feed/personalized HTTP/1.1" 200 1526
[04/May/2026 17:05:35] "GET /api/health HTTP/1.1" 200 604
[04/May/2026 17:05:35] "GET /api/health HTTP/1.1" 200 604
[04/May/2026 17:05:36] "GET /api/health HTTP/1.1" 200 604
[04/May/2026 17:05:36] "GET /api/health HTTP/1.1" 200 604
[04/May/2026 17:05:37] "GET /api/health HTTP/1.1" 200 604
[04/May/2026 17:05:37] "GET /api/health HTTP/1.1" 200 604
[04/May/2026 17:05:38] "GET /api/health HTTP/1.1" 200 604
[04/May/2026 17:05:38] "GET /api/health HTTP/1.1" 200 604
[04/May/2026 17:05:39] "GET /api/health HTTP/1.1" 200 604
[04/May/2026 17:05:40] "GET /api/health HTTP/1.1" 200 604
[04/May/2026 17:05:40] "GET /api/feed/bootstrap-status HTTP/1.1" 200 182
[04/May/2026 17:05:40] "GET /api/feed/bootstrap-status HTTP/1.1" 200 182
[04/May/2026 17:05:40] "GET /api/feed/personalized HTTP/1.1" 200 1526
[04/May/2026 17:05:41] "GET /api/health HTTP/1.1" 200 604
[04/May/2026 17:05:41] "GET /api/health HTTP/1.1" 200 604
[04/May/2026 17:05:42] "GET /api/health HTTP/1.1" 200 604
[04/May/2026 17:05:42] "GET /api/health HTTP/1.1" 200 604
[04/May/2026 17:05:43] "GET /api/health HTTP/1.1" 200 604
[04/May/2026 17:05:43] "GET /api/health HTTP/1.1" 200 604
[04/May/2026 17:05:44] "GET /api/health HTTP/1.1" 200 604
[04/May/2026 17:05:44] "GET /api/health HTTP/1.1" 200 604
[04/May/2026 17:05:45] "GET /api/feed/bootstrap-status HTTP/1.1" 200 182
[04/May/2026 17:05:45] "GET /api/feed/bootstrap-status HTTP/1.1" 200 182
[04/May/2026 17:05:45] "GET /api/feed/personalized HTTP/1.1" 200 1526
[04/May/2026 17:05:45] "GET /api/health HTTP/1.1" 200 604
[04/May/2026 17:05:45] "GET /api/health HTTP/1.1" 200 604
[04/May/2026 17:05:46] "GET /api/health HTTP/1.1" 200 604
[04/May/2026 17:05:47] "GET /api/health HTTP/1.1" 200 604
[04/May/2026 17:05:48] "GET /api/health HTTP/1.1" 200 604
[04/May/2026 17:05:48] "GET /api/health HTTP/1.1" 200 604
[04/May/2026 17:05:49] "GET /api/health HTTP/1.1" 200 604
[04/May/2026 17:05:49] "GET /api/health HTTP/1.1" 200 604
[04/May/2026 17:05:50] "GET /api/feed/bootstrap-status HTTP/1.1" 200 182
[04/May/2026 17:05:50] "GET /api/feed/bootstrap-status HTTP/1.1" 200 182
[04/May/2026 17:05:50] "GET /api/feed/personalized HTTP/1.1" 200 1526
[04/May/2026 17:05:50] "GET /api/health HTTP/1.1" 200 604
[04/May/2026 17:05:50] "GET /api/health HTTP/1.1" 200 604
[04/May/2026 17:05:51] "GET /api/health HTTP/1.1" 200 604
[04/May/2026 17:05:51] "GET /api/health HTTP/1.1" 200 604
[04/May/2026 17:05:52] "GET /api/health HTTP/1.1" 200 604
[04/May/2026 17:05:52] "GET /api/health HTTP/1.1" 200 604
[04/May/2026 17:05:53] "GET /api/health HTTP/1.1" 200 604
[04/May/2026 17:05:54] "GET /api/health HTTP/1.1" 200 604
[04/May/2026 17:05:55] "GET /api/health HTTP/1.1" 200 604
[04/May/2026 17:05:55] "GET /api/feed/bootstrap-status HTTP/1.1" 200 182
[04/May/2026 17:05:55] "GET /api/feed/bootstrap-status HTTP/1.1" 200 182
[04/May/2026 17:05:55] "GET /api/feed/personalized HTTP/1.1" 200 1526
[04/May/2026 17:05:55] "GET /api/health HTTP/1.1" 200 604
[04/May/2026 17:05:56] "GET /api/health HTTP/1.1" 200 604
[04/May/2026 17:05:56] "GET /api/health HTTP/1.1" 200 604
[04/May/2026 17:05:57] "GET /api/health HTTP/1.1" 200 604
[04/May/2026 17:05:57] "GET /api/health HTTP/1.1" 200 604
[04/May/2026 17:05:58] "GET /api/health HTTP/1.1" 200 604
[04/May/2026 17:05:58] "GET /api/health HTTP/1.1" 200 604
[04/May/2026 17:05:59] "GET /api/health HTTP/1.1" 200 604
[04/May/2026 17:06:00] "GET /api/health HTTP/1.1" 200 604
[04/May/2026 17:06:00] "GET /api/feed/bootstrap-status HTTP/1.1" 200 182
[04/May/2026 17:06:00] "GET /api/feed/bootstrap-status HTTP/1.1" 200 182
[04/May/2026 17:06:00] "GET /api/feed/personalized HTTP/1.1" 200 1526
[04/May/2026 17:06:01] "GET /api/health HTTP/1.1" 200 604
[04/May/2026 17:06:01] "GET /api/health HTTP/1.1" 200 604
[04/May/2026 17:06:02] "GET /api/health HTTP/1.1" 200 604
[04/May/2026 17:06:02] "GET /api/health HTTP/1.1" 200 604
[04/May/2026 17:06:03] "GET /api/health HTTP/1.1" 200 604
[04/May/2026 17:06:03] "GET /api/health HTTP/1.1" 200 604
[04/May/2026 17:06:04] "GET /api/health HTTP/1.1" 200 604
[04/May/2026 17:06:04] "GET /api/health HTTP/1.1" 200 604
[04/May/2026 17:06:05] "GET /api/feed/bootstrap-status HTTP/1.1" 200 182
[04/May/2026 17:06:05] "GET /api/feed/bootstrap-status HTTP/1.1" 200 182
[04/May/2026 17:06:05] "GET /api/feed/personalized HTTP/1.1" 200 1526
[04/May/2026 17:06:05] "GET /api/health HTTP/1.1" 200 604
[04/May/2026 17:06:05] "GET /api/health HTTP/1.1" 200 604
[04/May/2026 17:06:06] "GET /api/health HTTP/1.1" 200 604
[04/May/2026 17:06:06] "GET /api/health HTTP/1.1" 200 604
[04/May/2026 17:06:08] "GET /api/health HTTP/1.1" 200 604
[04/May/2026 17:06:08] "GET /api/health HTTP/1.1" 200 604
[04/May/2026 17:06:09] "GET /api/health HTTP/1.1" 200 604
[04/May/2026 17:06:09] "GET /api/health HTTP/1.1" 200 604
[04/May/2026 17:06:10] "GET /api/feed/bootstrap-status HTTP/1.1" 200 182
[04/May/2026 17:06:10] "GET /api/feed/bootstrap-status HTTP/1.1" 200 182
[04/May/2026 17:06:10] "GET /api/feed/personalized HTTP/1.1" 200 1526
[04/May/2026 17:06:10] "GET /api/health HTTP/1.1" 200 604
[04/May/2026 17:06:10] "GET /api/health HTTP/1.1" 200 604
[04/May/2026 17:06:11] "GET /api/health HTTP/1.1" 200 604
[04/May/2026 17:06:11] "GET /api/health HTTP/1.1" 200 604
[04/May/2026 17:06:12] "GET /api/health HTTP/1.1" 200 604
[04/May/2026 17:06:12] "GET /api/health HTTP/1.1" 200 604
[04/May/2026 17:06:13] "GET /api/health HTTP/1.1" 200 604
[04/May/2026 17:06:13] "GET /api/health HTTP/1.1" 200 604
[04/May/2026 17:06:15] "GET /api/health HTTP/1.1" 200 604
[04/May/2026 17:06:15] "GET /api/health HTTP/1.1" 200 604
[04/May/2026 17:06:15] "GET /api/feed/bootstrap-status HTTP/1.1" 200 182
[04/May/2026 17:06:15] "GET /api/feed/bootstrap-status HTTP/1.1" 200 182
[04/May/2026 17:06:15] "GET /api/feed/personalized HTTP/1.1" 200 1526
[04/May/2026 17:06:16] "GET /api/health HTTP/1.1" 200 604
[04/May/2026 17:06:16] "GET /api/health HTTP/1.1" 200 604
[04/May/2026 17:06:17] "GET /api/health HTTP/1.1" 200 604
[04/May/2026 17:06:17] "GET /api/health HTTP/1.1" 200 604
[04/May/2026 17:06:18] "GET /api/health HTTP/1.1" 200 604
[04/May/2026 17:06:18] "GET /api/health HTTP/1.1" 200 604
[04/May/2026 17:06:19] "GET /api/health HTTP/1.1" 200 604
[04/May/2026 17:06:19] "GET /api/health HTTP/1.1" 200 604
[04/May/2026 17:06:20] "GET /api/feed/bootstrap-status HTTP/1.1" 200 182
[04/May/2026 17:06:20] "GET /api/feed/bootstrap-status HTTP/1.1" 200 182
[04/May/2026 17:06:20] "GET /api/feed/personalized HTTP/1.1" 200 1526
[04/May/2026 17:06:20] "GET /api/health HTTP/1.1" 200 604
[04/May/2026 17:06:20] "GET /api/health HTTP/1.1" 200 604
[04/May/2026 17:06:22] "GET /api/health HTTP/1.1" 200 604
[04/May/2026 17:06:22] "GET /api/health HTTP/1.1" 200 604
[04/May/2026 17:06:23] "GET /api/health HTTP/1.1" 200 604
[04/May/2026 17:06:23] "GET /api/health HTTP/1.1" 200 604
[04/May/2026 17:06:24] "GET /api/health HTTP/1.1" 200 604
[04/May/2026 17:06:24] "GET /api/health HTTP/1.1" 200 604
[04/May/2026 17:06:25] "GET /api/feed/bootstrap-status HTTP/1.1" 200 182
[04/May/2026 17:06:25] "GET /api/feed/bootstrap-status HTTP/1.1" 200 182
[04/May/2026 17:06:25] "GET /api/feed/personalized HTTP/1.1" 200 1526
[04/May/2026 17:06:25] "GET /api/health HTTP/1.1" 200 604
[04/May/2026 17:06:25] "GET /api/health HTTP/1.1" 200 604
[04/May/2026 17:06:26] "GET /api/health HTTP/1.1" 200 604
[04/May/2026 17:06:26] "GET /api/health HTTP/1.1" 200 604
[04/May/2026 17:06:27] "GET /api/health HTTP/1.1" 200 604
[04/May/2026 17:06:27] "GET /api/health HTTP/1.1" 200 604
[04/May/2026 17:06:29] "GET /api/health HTTP/1.1" 200 604
[04/May/2026 17:06:29] "GET /api/health HTTP/1.1" 200 604
[04/May/2026 17:06:30] "GET /api/feed/bootstrap-status HTTP/1.1" 200 182
[04/May/2026 17:06:30] "GET /api/health HTTP/1.1" 200 604
[04/May/2026 17:06:30] "GET /api/feed/bootstrap-status HTTP/1.1" 200 182
[04/May/2026 17:06:30] "GET /api/feed/personalized HTTP/1.1" 200 1526
[04/May/2026 17:06:30] "GET /api/health HTTP/1.1" 200 604
[04/May/2026 17:06:31] "GET /api/health HTTP/1.1" 200 604
[04/May/2026 17:06:31] "GET /api/health HTTP/1.1" 200 604
[04/May/2026 17:06:32] "GET /api/health HTTP/1.1" 200 604
[04/May/2026 17:06:32] "GET /api/health HTTP/1.1" 200 604
[04/May/2026 17:06:33] "GET /api/health HTTP/1.1" 200 604
[04/May/2026 17:06:33] "GET /api/health HTTP/1.1" 200 604
[04/May/2026 17:06:34] "GET /api/health HTTP/1.1" 200 604
[04/May/2026 17:06:34] "GET /api/health HTTP/1.1" 200 604
[04/May/2026 17:06:35] "GET /api/feed/bootstrap-status HTTP/1.1" 200 182
[04/May/2026 17:06:35] "GET /api/feed/bootstrap-status HTTP/1.1" 200 182
[04/May/2026 17:06:35] "GET /api/feed/personalized HTTP/1.1" 200 1526
[04/May/2026 17:06:36] "GET /api/health HTTP/1.1" 200 604
[04/May/2026 17:06:36] "GET /api/health HTTP/1.1" 200 604
[04/May/2026 17:06:37] "GET /api/health HTTP/1.1" 200 604
[04/May/2026 17:06:37] "GET /api/health HTTP/1.1" 200 604
[04/May/2026 17:06:38] "GET /api/health HTTP/1.1" 200 604
[04/May/2026 17:06:38] "GET /api/health HTTP/1.1" 200 604
[04/May/2026 17:06:39] "GET /api/health HTTP/1.1" 200 604
[04/May/2026 17:06:39] "GET /api/health HTTP/1.1" 200 604
[04/May/2026 17:06:40] "GET /api/feed/bootstrap-status HTTP/1.1" 200 182
[04/May/2026 17:06:40] "GET /api/feed/bootstrap-status HTTP/1.1" 200 182
[04/May/2026 17:06:40] "GET /api/feed/personalized HTTP/1.1" 200 1526
[04/May/2026 17:06:40] "GET /api/health HTTP/1.1" 200 604
[04/May/2026 17:06:40] "GET /api/health HTTP/1.1" 200 604
[04/May/2026 17:06:41] "GET /api/health HTTP/1.1" 200 604
[04/May/2026 17:06:41] "GET /api/health HTTP/1.1" 200 604
[04/May/2026 17:06:42] "GET /api/health HTTP/1.1" 200 604
[04/May/2026 17:06:43] "GET /api/health HTTP/1.1" 200 604
[04/May/2026 17:06:44] "GET /api/health HTTP/1.1" 200 604
[04/May/2026 17:06:44] "GET /api/health HTTP/1.1" 200 604
[04/May/2026 17:06:45] "GET /api/feed/bootstrap-status HTTP/1.1" 200 182
[04/May/2026 17:06:45] "GET /api/feed/bootstrap-status HTTP/1.1" 200 182
[04/May/2026 17:06:45] "GET /api/feed/personalized HTTP/1.1" 200 1526
[04/May/2026 17:06:45] "GET /api/health HTTP/1.1" 200 604
[04/May/2026 17:06:45] "GET /api/health HTTP/1.1" 200 604
[04/May/2026 17:06:46] "GET /api/health HTTP/1.1" 200 604
[04/May/2026 17:06:46] "GET /api/health HTTP/1.1" 200 604
[04/May/2026 17:06:47] "GET /api/health HTTP/1.1" 200 604
[04/May/2026 17:06:47] "GET /api/health HTTP/1.1" 200 604
[04/May/2026 17:06:48] "GET /api/health HTTP/1.1" 200 604
[04/May/2026 17:06:48] "GET /api/health HTTP/1.1" 200 604
[04/May/2026 17:06:49] "GET /api/health HTTP/1.1" 200 604
[04/May/2026 17:06:50] "GET /api/health HTTP/1.1" 200 604
[04/May/2026 17:06:50] "GET /api/feed/bootstrap-status HTTP/1.1" 200 182
[04/May/2026 17:06:50] "GET /api/feed/bootstrap-status HTTP/1.1" 200 182
[04/May/2026 17:06:50] "GET /api/feed/personalized HTTP/1.1" 200 1526
[04/May/2026 17:06:51] "GET /api/health HTTP/1.1" 200 604
[04/May/2026 17:06:51] "GET /api/health HTTP/1.1" 200 604
[04/May/2026 17:06:52] "GET /api/health HTTP/1.1" 200 604
[04/May/2026 17:06:52] "GET /api/health HTTP/1.1" 200 604
[04/May/2026 17:06:53] "GET /api/health HTTP/1.1" 200 604
[04/May/2026 17:06:53] "GET /api/health HTTP/1.1" 200 604
[04/May/2026 17:06:54] "GET /api/health HTTP/1.1" 200 604
[04/May/2026 17:06:54] "GET /api/health HTTP/1.1" 200 604
[04/May/2026 17:06:55] "GET /api/feed/bootstrap-status HTTP/1.1" 200 182
[04/May/2026 17:06:55] "GET /api/feed/bootstrap-status HTTP/1.1" 200 182
[04/May/2026 17:06:55] "GET /api/feed/personalized HTTP/1.1" 200 1526
[04/May/2026 17:06:55] "GET /api/health HTTP/1.1" 200 604
[04/May/2026 17:06:55] "GET /api/health HTTP/1.1" 200 604
[04/May/2026 17:06:56] "GET /api/health HTTP/1.1" 200 604
[04/May/2026 17:06:57] "GET /api/health HTTP/1.1" 200 604
[04/May/2026 17:06:58] "GET /api/health HTTP/1.1" 200 604
[04/May/2026 17:06:58] "GET /api/health HTTP/1.1" 200 604
[04/May/2026 17:06:59] "GET /api/health HTTP/1.1" 200 604
[04/May/2026 17:06:59] "GET /api/health HTTP/1.1" 200 604
[04/May/2026 17:07:00] "GET /api/feed/bootstrap-status HTTP/1.1" 200 182
[04/May/2026 17:07:00] "GET /api/feed/bootstrap-status HTTP/1.1" 200 182
[04/May/2026 17:07:00] "GET /api/feed/personalized HTTP/1.1" 200 1526
[04/May/2026 17:07:00] "GET /api/health HTTP/1.1" 200 604
[04/May/2026 17:07:00] "GET /api/health HTTP/1.1" 200 604
[04/May/2026 17:07:01] "GET /api/health HTTP/1.1" 200 604
[04/May/2026 17:07:01] "GET /api/health HTTP/1.1" 200 604
[04/May/2026 17:07:02] "GET /api/health HTTP/1.1" 200 604
[04/May/2026 17:07:02] "GET /api/health HTTP/1.1" 200 604
[04/May/2026 17:07:03] "GET /api/health HTTP/1.1" 200 604
[04/May/2026 17:07:04] "GET /api/health HTTP/1.1" 200 604
[04/May/2026 17:07:05] "GET /api/health HTTP/1.1" 200 604
[04/May/2026 17:07:05] "GET /api/feed/bootstrap-status HTTP/1.1" 200 182
[04/May/2026 17:07:05] "GET /api/health HTTP/1.1" 200 604
[04/May/2026 17:07:05] "GET /api/feed/bootstrap-status HTTP/1.1" 200 182
[04/May/2026 17:07:05] "GET /api/feed/personalized HTTP/1.1" 200 1526
[04/May/2026 17:07:06] "GET /api/health HTTP/1.1" 200 604
[04/May/2026 17:07:06] "GET /api/health HTTP/1.1" 200 604
[04/May/2026 17:07:07] "GET /api/health HTTP/1.1" 200 604
[04/May/2026 17:07:07] "GET /api/health HTTP/1.1" 200 604
[04/May/2026 17:07:08] "GET /api/health HTTP/1.1" 200 604
[04/May/2026 17:07:08] "GET /api/health HTTP/1.1" 200 604
[04/May/2026 17:07:09] "GET /api/health HTTP/1.1" 200 604
[04/May/2026 17:07:09] "GET /api/health HTTP/1.1" 200 604
[04/May/2026 17:07:10] "GET /api/feed/bootstrap-status HTTP/1.1" 200 182
[04/May/2026 17:07:10] "GET /api/feed/bootstrap-status HTTP/1.1" 200 182
[04/May/2026 17:07:10] "GET /api/feed/personalized HTTP/1.1" 200 1526
[04/May/2026 17:07:10] "GET /api/health HTTP/1.1" 200 604
[04/May/2026 17:07:11] "GET /api/health HTTP/1.1" 200 604
[04/May/2026 17:07:12] "GET /api/health HTTP/1.1" 200 604
[04/May/2026 17:07:12] "GET /api/health HTTP/1.1" 200 604
[04/May/2026 17:07:13] "GET /api/health HTTP/1.1" 200 604
[04/May/2026 17:07:13] "GET /api/health HTTP/1.1" 200 604
[04/May/2026 17:07:14] "GET /api/health HTTP/1.1" 200 604
[04/May/2026 17:07:14] "GET /api/health HTTP/1.1" 200 604
[04/May/2026 17:07:15] "GET /api/feed/bootstrap-status HTTP/1.1" 200 182
[04/May/2026 17:07:15] "GET /api/feed/bootstrap-status HTTP/1.1" 200 182
[04/May/2026 17:07:15] "GET /api/feed/personalized HTTP/1.1" 200 1526
[04/May/2026 17:07:15] "GET /api/health HTTP/1.1" 200 604
[04/May/2026 17:07:15] "GET /api/health HTTP/1.1" 200 604
[04/May/2026 17:07:16] "GET /api/health HTTP/1.1" 200 604
[04/May/2026 17:07:16] "GET /api/health HTTP/1.1" 200 604
[04/May/2026 17:07:17] "GET /api/health HTTP/1.1" 200 604
[04/May/2026 17:07:18] "GET /api/health HTTP/1.1" 200 604
[04/May/2026 17:07:19] "GET /api/health HTTP/1.1" 200 604
[04/May/2026 17:07:19] "GET /api/health HTTP/1.1" 200 604
[04/May/2026 17:07:20] "GET /api/feed/bootstrap-status HTTP/1.1" 200 182
[04/May/2026 17:07:20] "GET /api/feed/bootstrap-status HTTP/1.1" 200 182
[04/May/2026 17:07:20] "GET /api/feed/personalized HTTP/1.1" 200 1526
[04/May/2026 17:07:20] "GET /api/health HTTP/1.1" 200 604
[04/May/2026 17:07:20] "GET /api/health HTTP/1.1" 200 604
[04/May/2026 17:07:21] "GET /api/health HTTP/1.1" 200 604
[04/May/2026 17:07:21] "GET /api/health HTTP/1.1" 200 604
[04/May/2026 17:07:22] "GET /api/health HTTP/1.1" 200 604
[04/May/2026 17:07:22] "GET /api/health HTTP/1.1" 200 604
[04/May/2026 17:07:23] "GET /api/health HTTP/1.1" 200 604
[04/May/2026 17:07:23] "GET /api/health HTTP/1.1" 200 604
[04/May/2026 17:07:24] "GET /api/health HTTP/1.1" 200 604
[04/May/2026 17:07:25] "GET /api/health HTTP/1.1" 200 604
[04/May/2026 17:07:25] "GET /api/feed/bootstrap-status HTTP/1.1" 200 182
[04/May/2026 17:07:25] "GET /api/feed/bootstrap-status HTTP/1.1" 200 182
[04/May/2026 17:07:25] "GET /api/feed/personalized HTTP/1.1" 200 1526
[04/May/2026 17:07:26] "GET /api/health HTTP/1.1" 200 604
[04/May/2026 17:07:26] "GET /api/health HTTP/1.1" 200 604
[04/May/2026 17:07:27] "GET /api/health HTTP/1.1" 200 604
[04/May/2026 17:07:27] "GET /api/health HTTP/1.1" 200 604
[04/May/2026 17:07:28] "GET /api/health HTTP/1.1" 200 604
[04/May/2026 17:07:28] "GET /api/health HTTP/1.1" 200 604
[04/May/2026 17:07:29] "GET /api/health HTTP/1.1" 200 604
[04/May/2026 17:07:29] "GET /api/health HTTP/1.1" 200 604
[04/May/2026 17:07:30] "GET /api/feed/bootstrap-status HTTP/1.1" 200 182
[04/May/2026 17:07:30] "GET /api/feed/bootstrap-status HTTP/1.1" 200 182
[04/May/2026 17:07:30] "GET /api/feed/personalized HTTP/1.1" 200 1526
[04/May/2026 17:07:30] "GET /api/health HTTP/1.1" 200 604
[04/May/2026 17:07:30] "GET /api/health HTTP/1.1" 200 604
[04/May/2026 17:07:31] "GET /api/health HTTP/1.1" 200 604
[04/May/2026 17:07:31] "GET /api/health HTTP/1.1" 200 604
[04/May/2026 17:07:33] "GET /api/health HTTP/1.1" 200 604
[04/May/2026 17:07:33] "GET /api/health HTTP/1.1" 200 604
[04/May/2026 17:07:34] "GET /api/health HTTP/1.1" 200 604
[04/May/2026 17:07:34] "GET /api/health HTTP/1.1" 200 604
[04/May/2026 17:07:35] "GET /api/feed/bootstrap-status HTTP/1.1" 200 182
[04/May/2026 17:07:35] "GET /api/feed/bootstrap-status HTTP/1.1" 200 182
[04/May/2026 17:07:35] "GET /api/feed/personalized HTTP/1.1" 200 1526
[04/May/2026 17:07:35] "GET /api/health HTTP/1.1" 200 604
[04/May/2026 17:07:35] "GET /api/health HTTP/1.1" 200 604
[04/May/2026 17:07:36] "GET /api/health HTTP/1.1" 200 604
[04/May/2026 17:07:37] "GET /api/health HTTP/1.1" 200 604
[04/May/2026 17:07:38] "GET /api/health HTTP/1.1" 200 604
[04/May/2026 17:07:38] "GET /api/health HTTP/1.1" 200 604
[04/May/2026 17:07:39] "GET /api/health HTTP/1.1" 200 604
[04/May/2026 17:07:39] "GET /api/health HTTP/1.1" 200 604
[04/May/2026 17:07:40] "GET /api/feed/bootstrap-status HTTP/1.1" 200 182
[04/May/2026 17:07:40] "GET /api/feed/bootstrap-status HTTP/1.1" 200 182
[04/May/2026 17:07:40] "GET /api/feed/personalized HTTP/1.1" 200 1526
[04/May/2026 17:07:40] "GET /api/health HTTP/1.1" 200 604
[04/May/2026 17:07:40] "GET /api/health HTTP/1.1" 200 604
[04/May/2026 17:07:41] "GET /api/health HTTP/1.1" 200 604
[04/May/2026 17:07:41] "GET /api/health HTTP/1.1" 200 604
[04/May/2026 17:07:42] "GET /api/health HTTP/1.1" 200 604
[04/May/2026 17:07:42] "GET /api/health HTTP/1.1" 200 604
[04/May/2026 17:07:43] "GET /api/health HTTP/1.1" 200 604
[04/May/2026 17:07:43] "GET /api/health HTTP/1.1" 200 604
[04/May/2026 17:07:45] "GET /api/health HTTP/1.1" 200 604
[04/May/2026 17:07:45] "GET /api/health HTTP/1.1" 200 604
[04/May/2026 17:07:45] "GET /api/feed/bootstrap-status HTTP/1.1" 200 182
[04/May/2026 17:07:45] "GET /api/feed/bootstrap-status HTTP/1.1" 200 182
[04/May/2026 17:07:45] "GET /api/feed/personalized HTTP/1.1" 200 1526
[04/May/2026 17:07:46] "GET /api/health HTTP/1.1" 200 604
[04/May/2026 17:07:46] "GET /api/health HTTP/1.1" 200 604
[04/May/2026 17:07:47] "GET /api/health HTTP/1.1" 200 604
[04/May/2026 17:07:47] "GET /api/health HTTP/1.1" 200 604
[04/May/2026 17:07:48] "GET /api/health HTTP/1.1" 200 604
[04/May/2026 17:07:48] "GET /api/health HTTP/1.1" 200 604
[04/May/2026 17:07:49] "GET /api/health HTTP/1.1" 200 604
[04/May/2026 17:07:49] "GET /api/health HTTP/1.1" 200 604
[04/May/2026 17:07:50] "GET /api/feed/bootstrap-status HTTP/1.1" 200 182
[04/May/2026 17:07:50] "GET /api/feed/bootstrap-status HTTP/1.1" 200 182
[04/May/2026 17:07:50] "GET /api/feed/personalized HTTP/1.1" 200 1526
[04/May/2026 17:07:50] "GET /api/health HTTP/1.1" 200 604
[04/May/2026 17:07:50] "GET /api/health HTTP/1.1" 200 604
[04/May/2026 17:07:52] "GET /api/health HTTP/1.1" 200 604
[04/May/2026 17:07:52] "GET /api/health HTTP/1.1" 200 604
[04/May/2026 17:07:53] "GET /api/health HTTP/1.1" 200 604
[04/May/2026 17:07:53] "GET /api/health HTTP/1.1" 200 604
[04/May/2026 17:07:54] "GET /api/health HTTP/1.1" 200 604
[04/May/2026 17:07:54] "GET /api/health HTTP/1.1" 200 604
[04/May/2026 17:07:55] "GET /api/feed/bootstrap-status HTTP/1.1" 200 182
[04/May/2026 17:07:55] "GET /api/feed/bootstrap-status HTTP/1.1" 200 182
[04/May/2026 17:07:55] "GET /api/feed/personalized HTTP/1.1" 200 1526
[04/May/2026 17:07:55] "GET /api/health HTTP/1.1" 200 604
[04/May/2026 17:07:55] "GET /api/health HTTP/1.1" 200 604
[04/May/2026 17:07:56] "GET /api/health HTTP/1.1" 200 604
[04/May/2026 17:07:56] "GET /api/health HTTP/1.1" 200 604
[04/May/2026 17:07:57] "GET /api/health HTTP/1.1" 200 604
[04/May/2026 17:07:57] "GET /api/health HTTP/1.1" 200 604
[04/May/2026 17:07:59] "GET /api/health HTTP/1.1" 200 604
[04/May/2026 17:07:59] "GET /api/health HTTP/1.1" 200 604
[04/May/2026 17:08:00] "GET /api/feed/bootstrap-status HTTP/1.1" 200 182
[04/May/2026 17:08:00] "GET /api/health HTTP/1.1" 200 604
[04/May/2026 17:08:00] "GET /api/feed/bootstrap-status HTTP/1.1" 200 182
[04/May/2026 17:08:00] "GET /api/feed/personalized HTTP/1.1" 200 1526
[04/May/2026 17:08:00] "GET /api/health HTTP/1.1" 200 604
[04/May/2026 17:08:01] "GET /api/health HTTP/1.1" 200 604
[04/May/2026 17:08:01] "GET /api/health HTTP/1.1" 200 604
[04/May/2026 17:08:02] "GET /api/health HTTP/1.1" 200 604
[04/May/2026 17:08:02] "GET /api/health HTTP/1.1" 200 604
[04/May/2026 17:08:03] "GET /api/health HTTP/1.1" 200 604
[04/May/2026 17:08:03] "GET /api/health HTTP/1.1" 200 604
[04/May/2026 17:08:04] "GET /api/health HTTP/1.1" 200 604
[04/May/2026 17:08:04] "GET /api/health HTTP/1.1" 200 604
[04/May/2026 17:08:05] "GET /api/feed/bootstrap-status HTTP/1.1" 200 182
[04/May/2026 17:08:05] "GET /api/feed/bootstrap-status HTTP/1.1" 200 182
[04/May/2026 17:08:05] "GET /api/feed/personalized HTTP/1.1" 200 1526
[04/May/2026 17:08:06] "GET /api/health HTTP/1.1" 200 604
[04/May/2026 17:08:06] "GET /api/health HTTP/1.1" 200 604
[04/May/2026 17:08:07] "GET /api/health HTTP/1.1" 200 604
[04/May/2026 17:08:07] "GET /api/health HTTP/1.1" 200 604
[04/May/2026 17:08:08] "GET /api/health HTTP/1.1" 200 604
[04/May/2026 17:08:08] "GET /api/health HTTP/1.1" 200 604
[04/May/2026 17:08:09] "GET /api/health HTTP/1.1" 200 604
[04/May/2026 17:08:09] "GET /api/health HTTP/1.1" 200 604
[04/May/2026 17:08:10] "GET /api/feed/bootstrap-status HTTP/1.1" 200 182
[04/May/2026 17:08:10] "GET /api/feed/bootstrap-status HTTP/1.1" 200 182
[04/May/2026 17:08:10] "GET /api/feed/personalized HTTP/1.1" 200 1526
[04/May/2026 17:08:10] "GET /api/health HTTP/1.1" 200 604
[04/May/2026 17:08:10] "GET /api/health HTTP/1.1" 200 604
[04/May/2026 17:08:11] "GET /api/health HTTP/1.1" 200 604
[04/May/2026 17:08:11] "GET /api/health HTTP/1.1" 200 604
[04/May/2026 17:08:12] "GET /api/health HTTP/1.1" 200 604
[04/May/2026 17:08:13] "GET /api/health HTTP/1.1" 200 604
[04/May/2026 17:08:14] "GET /api/health HTTP/1.1" 200 604
[04/May/2026 17:08:14] "GET /api/health HTTP/1.1" 200 604
[04/May/2026 17:08:15] "GET /api/feed/bootstrap-status HTTP/1.1" 200 182
[04/May/2026 17:08:15] "GET /api/feed/bootstrap-status HTTP/1.1" 200 182
[04/May/2026 17:08:15] "GET /api/feed/personalized HTTP/1.1" 200 1526
[04/May/2026 17:08:15] "GET /api/health HTTP/1.1" 200 604
[04/May/2026 17:08:15] "GET /api/health HTTP/1.1" 200 604
[04/May/2026 17:08:16] "GET /api/health HTTP/1.1" 200 604
[04/May/2026 17:08:16] "GET /api/health HTTP/1.1" 200 604
[04/May/2026 17:08:17] "GET /api/health HTTP/1.1" 200 604
[04/May/2026 17:08:17] "GET /api/health HTTP/1.1" 200 604
[04/May/2026 17:08:18] "GET /api/health HTTP/1.1" 200 604
[04/May/2026 17:08:18] "GET /api/health HTTP/1.1" 200 604
[04/May/2026 17:08:19] "GET /api/health HTTP/1.1" 200 604
[04/May/2026 17:08:20] "GET /api/health HTTP/1.1" 200 604
[04/May/2026 17:08:20] "GET /api/feed/bootstrap-status HTTP/1.1" 200 182
[04/May/2026 17:08:20] "GET /api/feed/bootstrap-status HTTP/1.1" 200 182
[04/May/2026 17:08:20] "GET /api/feed/personalized HTTP/1.1" 200 1526
[04/May/2026 17:08:21] "GET /api/health HTTP/1.1" 200 604
[04/May/2026 17:08:21] "GET /api/health HTTP/1.1" 200 604
[04/May/2026 17:08:22] "GET /api/health HTTP/1.1" 200 604
[04/May/2026 17:08:22] "GET /api/health HTTP/1.1" 200 604
[04/May/2026 17:08:23] "GET /api/health HTTP/1.1" 200 604
[04/May/2026 17:08:23] "GET /api/health HTTP/1.1" 200 604
[04/May/2026 17:08:24] "GET /api/health HTTP/1.1" 200 604
[04/May/2026 17:08:24] "GET /api/health HTTP/1.1" 200 604
[04/May/2026 17:08:25] "GET /api/feed/bootstrap-status HTTP/1.1" 200 182
[04/May/2026 17:08:25] "GET /api/feed/bootstrap-status HTTP/1.1" 200 182
[04/May/2026 17:08:25] "GET /api/feed/personalized HTTP/1.1" 200 1526
[04/May/2026 17:08:25] "GET /api/health HTTP/1.1" 200 604
[04/May/2026 17:08:25] "GET /api/health HTTP/1.1" 200 604
[04/May/2026 17:08:26] "GET /api/health HTTP/1.1" 200 604
[04/May/2026 17:08:27] "GET /api/health HTTP/1.1" 200 604
[04/May/2026 17:08:28] "GET /api/health HTTP/1.1" 200 604
[04/May/2026 17:08:28] "GET /api/health HTTP/1.1" 200 604
[04/May/2026 17:08:29] "GET /api/health HTTP/1.1" 200 604
[04/May/2026 17:08:29] "GET /api/health HTTP/1.1" 200 604
[04/May/2026 17:08:30] "GET /api/feed/bootstrap-status HTTP/1.1" 200 182
[04/May/2026 17:08:30] "GET /api/feed/bootstrap-status HTTP/1.1" 200 182
[04/May/2026 17:08:30] "GET /api/feed/personalized HTTP/1.1" 200 1526
[04/May/2026 17:08:30] "GET /api/health HTTP/1.1" 200 604
[04/May/2026 17:08:30] "GET /api/health HTTP/1.1" 200 604
[04/May/2026 17:08:31] "GET /api/health HTTP/1.1" 200 604
[04/May/2026 17:08:31] "GET /api/health HTTP/1.1" 200 604
[04/May/2026 17:08:32] "GET /api/health HTTP/1.1" 200 604
[04/May/2026 17:08:32] "GET /api/health HTTP/1.1" 200 604
[04/May/2026 17:08:33] "GET /api/health HTTP/1.1" 200 604
[04/May/2026 17:08:34] "GET /api/health HTTP/1.1" 200 604
[04/May/2026 17:08:35] "GET /api/health HTTP/1.1" 200 604
[04/May/2026 17:08:35] "GET /api/feed/bootstrap-status HTTP/1.1" 200 182
[04/May/2026 17:08:35] "GET /api/health HTTP/1.1" 200 604
[04/May/2026 17:08:35] "GET /api/feed/bootstrap-status HTTP/1.1" 200 182
[04/May/2026 17:08:35] "GET /api/feed/personalized HTTP/1.1" 200 1526
[04/May/2026 17:08:36] "GET /api/health HTTP/1.1" 200 604
[04/May/2026 17:08:36] "GET /api/health HTTP/1.1" 200 604
[04/May/2026 17:08:36] "GET /api/profile/me HTTP/1.1" 200 464
[04/May/2026 17:08:36] "GET /api/profile/posts HTTP/1.1" 200 723
[04/May/2026 17:08:37] "GET /api/health HTTP/1.1" 200 604
[04/May/2026 17:08:37] "GET /api/health HTTP/1.1" 200 604
[04/May/2026 17:08:38] "GET /media/student-avatars/0f1ea00611ec997fb76c7e04b2a1c50d.png HTTP/1.1" 200 494176
[04/May/2026 17:08:38] "GET /api/health HTTP/1.1" 200 604
[04/May/2026 17:08:38] "GET /api/health HTTP/1.1" 200 604
[04/May/2026 17:08:39] "GET /api/health HTTP/1.1" 200 604
[04/May/2026 17:08:39] "GET /api/health HTTP/1.1" 200 604
[04/May/2026 17:08:40] "GET /api/feed/bootstrap-status HTTP/1.1" 200 182
[04/May/2026 17:08:40] "GET /api/feed/bootstrap-status HTTP/1.1" 200 182
[04/May/2026 17:08:40] "GET /api/feed/personalized HTTP/1.1" 200 1526
[04/May/2026 17:08:40] "GET /api/health HTTP/1.1" 200 604
[04/May/2026 17:08:41] "GET /api/health HTTP/1.1" 200 604
[04/May/2026 17:08:42] "GET /api/health HTTP/1.1" 200 604
[04/May/2026 17:08:42] "GET /api/health HTTP/1.1" 200 604
[04/May/2026 17:08:43] "GET /api/health HTTP/1.1" 200 604
[04/May/2026 17:08:43] "GET /api/health HTTP/1.1" 200 604
[04/May/2026 17:08:44] "GET /api/health HTTP/1.1" 200 604
[04/May/2026 17:08:44] "GET /api/health HTTP/1.1" 200 604
[04/May/2026 17:08:45] "GET /api/feed/bootstrap-status HTTP/1.1" 200 182
[04/May/2026 17:08:45] "GET /api/feed/bootstrap-status HTTP/1.1" 200 182
[04/May/2026 17:08:45] "GET /api/feed/personalized HTTP/1.1" 200 1526
[04/May/2026 17:08:45] "GET /api/health HTTP/1.1" 200 604
[04/May/2026 17:08:45] "GET /api/health HTTP/1.1" 200 604
[04/May/2026 17:08:46] "GET /api/health HTTP/1.1" 200 604
[04/May/2026 17:08:46] "GET /api/health HTTP/1.1" 200 604
[04/May/2026 17:08:47] "GET /api/health HTTP/1.1" 200 604
[04/May/2026 17:08:48] "GET /api/health HTTP/1.1" 200 604
[04/May/2026 17:08:49] "GET /api/health HTTP/1.1" 200 604
[04/May/2026 17:08:49] "GET /api/health HTTP/1.1" 200 604
[04/May/2026 17:08:50] "GET /api/feed/bootstrap-status HTTP/1.1" 200 182
[04/May/2026 17:08:50] "GET /api/feed/bootstrap-status HTTP/1.1" 200 182
[04/May/2026 17:08:50] "GET /api/health HTTP/1.1" 200 604
[04/May/2026 17:08:50] "GET /api/feed/personalized HTTP/1.1" 200 1526
[04/May/2026 17:08:50] "GET /api/health HTTP/1.1" 200 604
[04/May/2026 17:08:51] "GET /api/health HTTP/1.1" 200 604
[04/May/2026 17:08:51] "GET /api/health HTTP/1.1" 200 604
[04/May/2026 17:08:52] "GET /api/health HTTP/1.1" 200 604
[04/May/2026 17:08:52] "GET /api/health HTTP/1.1" 200 604
[04/May/2026 17:08:53] "GET /api/health HTTP/1.1" 200 604
[04/May/2026 17:08:53] "GET /api/health HTTP/1.1" 200 604
[04/May/2026 17:08:54] "GET /api/health HTTP/1.1" 200 604
[04/May/2026 17:08:54] "GET /api/health HTTP/1.1" 200 604
[04/May/2026 17:08:55] "GET /api/feed/bootstrap-status HTTP/1.1" 200 182
[04/May/2026 17:08:55] "GET /api/feed/bootstrap-status HTTP/1.1" 200 182
[04/May/2026 17:08:55] "GET /api/feed/personalized HTTP/1.1" 200 1526
[04/May/2026 17:08:56] "GET /api/health HTTP/1.1" 200 604
[04/May/2026 17:08:56] "GET /api/health HTTP/1.1" 200 604
[04/May/2026 17:08:57] "GET /api/health HTTP/1.1" 200 604
[04/May/2026 17:08:57] "GET /api/health HTTP/1.1" 200 604
[04/May/2026 17:08:57] "GET /api/profile/me HTTP/1.1" 200 464
[04/May/2026 17:08:57] "GET /api/profile/posts HTTP/1.1" 200 723
[04/May/2026 17:08:58] "GET /api/health HTTP/1.1" 200 604
[04/May/2026 17:08:58] "GET /api/health HTTP/1.1" 200 604
[04/May/2026 17:08:59] "GET /api/health HTTP/1.1" 200 604
[04/May/2026 17:08:59] "GET /api/health HTTP/1.1" 200 604
[04/May/2026 17:09:00] "GET /api/feed/bootstrap-status HTTP/1.1" 200 182
[04/May/2026 17:09:00] "GET /api/feed/bootstrap-status HTTP/1.1" 200 182
[04/May/2026 17:09:00] "GET /api/feed/personalized HTTP/1.1" 200 1526
[04/May/2026 17:09:00] "GET /api/health HTTP/1.1" 200 604
[04/May/2026 17:09:00] "GET /api/health HTTP/1.1" 200 604
[04/May/2026 17:09:01] "GET /api/health HTTP/1.1" 200 604
[04/May/2026 17:09:01] "GET /api/health HTTP/1.1" 200 604
[04/May/2026 17:09:03] "GET /api/health HTTP/1.1" 200 604
[04/May/2026 17:09:03] "GET /api/health HTTP/1.1" 200 604
[04/May/2026 17:09:04] "GET /api/health HTTP/1.1" 200 604
[04/May/2026 17:09:04] "GET /api/health HTTP/1.1" 200 604
[04/May/2026 17:09:05] "GET /api/feed/bootstrap-status HTTP/1.1" 200 182
[04/May/2026 17:09:05] "GET /api/feed/bootstrap-status HTTP/1.1" 200 182
[04/May/2026 17:09:05] "GET /api/feed/personalized HTTP/1.1" 200 1526
[04/May/2026 17:09:05] "GET /api/health HTTP/1.1" 200 604
[04/May/2026 17:09:05] "GET /api/health HTTP/1.1" 200 604
[04/May/2026 17:09:06] "GET /api/health HTTP/1.1" 200 604
[04/May/2026 17:09:06] "GET /api/health HTTP/1.1" 200 604
[04/May/2026 17:09:06] "POST /api/profile/me/avatar HTTP/1.1" 200 566
[04/May/2026 17:09:06] "GET /media/student-avatars/cry.jpg HTTP/1.1" 200 9431
[04/May/2026 17:09:07] "GET /api/health HTTP/1.1" 200 604
[04/May/2026 17:09:07] "GET /api/health HTTP/1.1" 200 604
[04/May/2026 17:09:08] "GET /api/health HTTP/1.1" 200 604
[04/May/2026 17:09:08] "GET /api/health HTTP/1.1" 200 604
[04/May/2026 17:09:10] "GET /api/health HTTP/1.1" 200 604
[04/May/2026 17:09:10] "GET /api/health HTTP/1.1" 200 604
[04/May/2026 17:09:10] "GET /api/feed/bootstrap-status HTTP/1.1" 200 182
[04/May/2026 17:09:10] "GET /api/feed/bootstrap-status HTTP/1.1" 200 182
[04/May/2026 17:09:10] "GET /api/feed/personalized HTTP/1.1" 200 1526
[04/May/2026 17:09:11] "GET /api/health HTTP/1.1" 200 604
[04/May/2026 17:09:11] "GET /api/health HTTP/1.1" 200 604
[04/May/2026 17:09:12] "GET /api/health HTTP/1.1" 200 604
[04/May/2026 17:09:12] "GET /api/health HTTP/1.1" 200 604
[04/May/2026 17:09:13] "GET /api/health HTTP/1.1" 200 604
[04/May/2026 17:09:13] "GET /api/health HTTP/1.1" 200 604
[04/May/2026 17:09:14] "GET /api/health HTTP/1.1" 200 604
[04/May/2026 17:09:14] "GET /api/health HTTP/1.1" 200 604
[04/May/2026 17:09:15] "GET /api/feed/bootstrap-status HTTP/1.1" 200 182
[04/May/2026 17:09:15] "GET /api/feed/bootstrap-status HTTP/1.1" 200 182
[04/May/2026 17:09:15] "GET /api/feed/personalized HTTP/1.1" 200 1526
[04/May/2026 17:09:15] "GET /api/health HTTP/1.1" 200 604
[04/May/2026 17:09:15] "GET /api/health HTTP/1.1" 200 604
[04/May/2026 17:09:17] "GET /api/health HTTP/1.1" 200 604
[04/May/2026 17:09:17] "GET /api/health HTTP/1.1" 200 604
[04/May/2026 17:09:18] "GET /api/health HTTP/1.1" 200 604
[04/May/2026 17:09:18] "GET /api/health HTTP/1.1" 200 604
[04/May/2026 17:09:19] "GET /api/health HTTP/1.1" 200 604
[04/May/2026 17:09:19] "GET /api/health HTTP/1.1" 200 604
[04/May/2026 17:09:20] "GET /api/feed/bootstrap-status HTTP/1.1" 200 182
[04/May/2026 17:09:20] "GET /api/feed/bootstrap-status HTTP/1.1" 200 182
[04/May/2026 17:09:20] "GET /api/feed/personalized HTTP/1.1" 200 1526
[04/May/2026 17:09:20] "GET /api/health HTTP/1.1" 200 604
[04/May/2026 17:09:20] "GET /api/health HTTP/1.1" 200 604
[04/May/2026 17:09:21] "GET /api/health HTTP/1.1" 200 604
[04/May/2026 17:09:21] "GET /api/health HTTP/1.1" 200 604
[04/May/2026 17:09:22] "GET /api/health HTTP/1.1" 200 604
[04/May/2026 17:09:22] "GET /api/health HTTP/1.1" 200 604
[04/May/2026 17:09:24] "GET /api/health HTTP/1.1" 200 604
[04/May/2026 17:09:24] "GET /api/health HTTP/1.1" 200 604
[04/May/2026 17:09:25] "GET /api/feed/bootstrap-status HTTP/1.1" 200 182
[04/May/2026 17:09:25] "GET /api/health HTTP/1.1" 200 604
[04/May/2026 17:09:25] "GET /api/feed/bootstrap-status HTTP/1.1" 200 182
[04/May/2026 17:09:25] "GET /api/feed/personalized HTTP/1.1" 200 1526
[04/May/2026 17:09:25] "GET /api/health HTTP/1.1" 200 604
[04/May/2026 17:09:26] "GET /api/health HTTP/1.1" 200 604
[04/May/2026 17:09:26] "GET /api/health HTTP/1.1" 200 604
[04/May/2026 17:09:27] "GET /api/health HTTP/1.1" 200 604
[04/May/2026 17:09:27] "GET /api/health HTTP/1.1" 200 604
[04/May/2026 17:09:28] "GET /api/health HTTP/1.1" 200 604
[04/May/2026 17:09:28] "GET /api/health HTTP/1.1" 200 604
[04/May/2026 17:09:29] "GET /api/health HTTP/1.1" 200 604
[04/May/2026 17:09:29] "GET /api/health HTTP/1.1" 200 604
[04/May/2026 17:09:30] "GET /api/feed/bootstrap-status HTTP/1.1" 200 182
[04/May/2026 17:09:30] "GET /api/feed/bootstrap-status HTTP/1.1" 200 182
[04/May/2026 17:09:30] "GET /api/feed/personalized HTTP/1.1" 200 1526
[04/May/2026 17:09:30] "POST /api/profile/posts HTTP/1.1" 201 382
[04/May/2026 17:09:31] "GET /api/health HTTP/1.1" 200 604
[04/May/2026 17:09:31] "GET /api/profile/me HTTP/1.1" 200 566
[04/May/2026 17:09:31] "GET /api/health HTTP/1.1" 200 604
[04/May/2026 17:09:32] "GET /api/health HTTP/1.1" 200 604
[04/May/2026 17:09:32] "GET /api/health HTTP/1.1" 200 604
[04/May/2026 17:09:33] "GET /api/health HTTP/1.1" 200 604
[04/May/2026 17:09:33] "GET /api/health HTTP/1.1" 200 604
[04/May/2026 17:09:34] "GET /api/health HTTP/1.1" 200 604
[04/May/2026 17:09:34] "GET /api/health HTTP/1.1" 200 604
[04/May/2026 17:09:34] "POST /api/profile/posts/2/energy HTTP/1.1" 200 381
[04/May/2026 17:09:34] "GET /api/profile/me HTTP/1.1" 200 566
[04/May/2026 17:09:35] "GET /api/feed/bootstrap-status HTTP/1.1" 200 182
[04/May/2026 17:09:35] "GET /api/feed/bootstrap-status HTTP/1.1" 200 182
[04/May/2026 17:09:35] "GET /api/feed/personalized HTTP/1.1" 200 1526
[04/May/2026 17:09:35] "GET /api/health HTTP/1.1" 200 604
[04/May/2026 17:09:35] "GET /api/health HTTP/1.1" 200 604
[04/May/2026 17:09:36] "POST /api/profile/posts/1/energy HTTP/1.1" 200 720
[04/May/2026 17:09:36] "GET /api/profile/me HTTP/1.1" 200 566
[04/May/2026 17:09:36] "GET /api/health HTTP/1.1" 200 604
[04/May/2026 17:09:36] "GET /api/health HTTP/1.1" 200 604
[04/May/2026 17:09:37] "DELETE /api/profile/posts/1/energy HTTP/1.1" 200 721
[04/May/2026 17:09:37] "GET /api/profile/me HTTP/1.1" 200 566
[04/May/2026 17:09:38] "GET /api/health HTTP/1.1" 200 604
[04/May/2026 17:09:38] "GET /api/health HTTP/1.1" 200 604
[04/May/2026 17:09:38] "POST /api/profile/posts/1/energy HTTP/1.1" 200 720
[04/May/2026 17:09:38] "GET /api/profile/me HTTP/1.1" 200 566
[04/May/2026 17:09:39] "GET /api/health HTTP/1.1" 200 604
[04/May/2026 17:09:39] "GET /api/health HTTP/1.1" 200 604
[04/May/2026 17:09:40] "GET /api/feed/bootstrap-status HTTP/1.1" 200 182
[04/May/2026 17:09:40] "GET /api/feed/bootstrap-status HTTP/1.1" 200 182
[04/May/2026 17:09:40] "GET /api/feed/personalized HTTP/1.1" 200 1526
[04/May/2026 17:09:40] "GET /api/health HTTP/1.1" 200 604
[04/May/2026 17:09:40] "GET /api/health HTTP/1.1" 200 604
[04/May/2026 17:09:41] "GET /api/health HTTP/1.1" 200 604
[04/May/2026 17:09:41] "GET /api/health HTTP/1.1" 200 604
[04/May/2026 17:09:42] "GET /api/health HTTP/1.1" 200 604
[04/May/2026 17:09:42] "GET /api/health HTTP/1.1" 200 604
[04/May/2026 17:09:43] "GET /api/health HTTP/1.1" 200 604
[04/May/2026 17:09:43] "GET /api/health HTTP/1.1" 200 604
[04/May/2026 17:09:45] "GET /api/health HTTP/1.1" 200 604
[04/May/2026 17:09:45] "GET /api/health HTTP/1.1" 200 604
[04/May/2026 17:09:45] "GET /api/feed/bootstrap-status HTTP/1.1" 200 182
[04/May/2026 17:09:45] "GET /api/feed/bootstrap-status HTTP/1.1" 200 182
[04/May/2026 17:09:45] "GET /api/feed/personalized HTTP/1.1" 200 1526
[04/May/2026 17:09:45] "POST /api/profile/posts/2/comments HTTP/1.1" 201 685
[04/May/2026 17:09:45] "GET /api/profile/me HTTP/1.1" 200 566
[04/May/2026 17:09:46] "GET /api/health HTTP/1.1" 200 604
[04/May/2026 17:09:46] "GET /api/health HTTP/1.1" 200 604
[04/May/2026 17:09:47] "GET /api/health HTTP/1.1" 200 604
[04/May/2026 17:09:47] "GET /api/health HTTP/1.1" 200 604
[04/May/2026 17:09:48] "GET /api/health HTTP/1.1" 200 604
[04/May/2026 17:09:48] "GET /api/health HTTP/1.1" 200 604
[04/May/2026 17:09:49] "GET /api/health HTTP/1.1" 200 604
[04/May/2026 17:09:49] "GET /api/health HTTP/1.1" 200 604
[04/May/2026 17:09:50] "GET /api/feed/bootstrap-status HTTP/1.1" 200 182
[04/May/2026 17:09:50] "GET /api/feed/bootstrap-status HTTP/1.1" 200 182
[04/May/2026 17:09:50] "GET /api/feed/personalized HTTP/1.1" 200 1526
[04/May/2026 17:09:50] "GET /api/health HTTP/1.1" 200 604
[04/May/2026 17:09:50] "GET /api/health HTTP/1.1" 200 604
[04/May/2026 17:09:52] "GET /api/health HTTP/1.1" 200 604
[04/May/2026 17:09:52] "GET /api/health HTTP/1.1" 200 604
[04/May/2026 17:09:53] "GET /api/health HTTP/1.1" 200 604
[04/May/2026 17:09:53] "GET /api/health HTTP/1.1" 200 604
[04/May/2026 17:09:54] "GET /api/health HTTP/1.1" 200 604
[04/May/2026 17:09:54] "GET /api/health HTTP/1.1" 200 604
[04/May/2026 17:09:55] "GET /api/health HTTP/1.1" 200 604
[04/May/2026 17:09:55] "GET /api/health HTTP/1.1" 200 604
[04/May/2026 17:09:56] "GET /api/health HTTP/1.1" 200 604
[04/May/2026 17:09:56] "GET /api/health HTTP/1.1" 200 604
[04/May/2026 17:09:57] "GET /api/health HTTP/1.1" 200 604
[04/May/2026 17:09:57] "GET /api/health HTTP/1.1" 200 604
[04/May/2026 17:09:59] "GET /api/health HTTP/1.1" 200 604
[04/May/2026 17:09:59] "GET /api/health HTTP/1.1" 200 604
[04/May/2026 17:10:00] "GET /api/health HTTP/1.1" 200 604
[04/May/2026 17:10:00] "GET /api/health HTTP/1.1" 200 604
[04/May/2026 17:10:01] "GET /api/health HTTP/1.1" 200 604
[04/May/2026 17:10:01] "GET /api/health HTTP/1.1" 200 604
[04/May/2026 17:10:02] "GET /api/health HTTP/1.1" 200 604
[04/May/2026 17:10:02] "GET /api/health HTTP/1.1" 200 604
[04/May/2026 17:10:03] "GET /api/health HTTP/1.1" 200 604
[04/May/2026 17:10:03] "GET /api/health HTTP/1.1" 200 604
[04/May/2026 17:10:04] "GET /api/health HTTP/1.1" 200 604
[04/May/2026 17:10:04] "GET /api/health HTTP/1.1" 200 604
[04/May/2026 17:10:06] "GET /api/health HTTP/1.1" 200 604
[04/May/2026 17:10:06] "GET /api/health HTTP/1.1" 200 604
[04/May/2026 17:10:07] "GET /api/health HTTP/1.1" 200 604
[04/May/2026 17:10:07] "GET /api/health HTTP/1.1" 200 604
[04/May/2026 17:10:08] "GET /api/health HTTP/1.1" 200 604
[04/May/2026 17:10:08] "GET /api/health HTTP/1.1" 200 604
[04/May/2026 17:10:09] "GET /api/health HTTP/1.1" 200 604
[04/May/2026 17:10:09] "GET /api/health HTTP/1.1" 200 604
[04/May/2026 17:10:10] "GET /api/health HTTP/1.1" 200 604
[04/May/2026 17:10:10] "GET /api/health HTTP/1.1" 200 604
[04/May/2026 17:10:11] "GET /api/health HTTP/1.1" 200 604
[04/May/2026 17:10:11] "GET /api/health HTTP/1.1" 200 604
[04/May/2026 17:10:13] "GET /api/health HTTP/1.1" 200 604
[04/May/2026 17:10:13] "GET /api/health HTTP/1.1" 200 604
[04/May/2026 17:10:14] "GET /api/health HTTP/1.1" 200 604
[04/May/2026 17:10:14] "GET /api/health HTTP/1.1" 200 604
[04/May/2026 17:10:15] "GET /api/health HTTP/1.1" 200 604
[04/May/2026 17:10:15] "GET /api/health HTTP/1.1" 200 604
[04/May/2026 17:10:16] "GET /api/health HTTP/1.1" 200 604
[04/May/2026 17:10:16] "GET /api/health HTTP/1.1" 200 604
[04/May/2026 17:10:17] "GET /api/health HTTP/1.1" 200 604
[04/May/2026 17:10:17] "GET /api/health HTTP/1.1" 200 604
[04/May/2026 17:10:18] "GET /api/health HTTP/1.1" 200 604
[04/May/2026 17:10:19] "GET /api/health HTTP/1.1" 200 604
[04/May/2026 17:10:20] "GET /api/health HTTP/1.1" 200 604
[04/May/2026 17:10:20] "GET /api/health HTTP/1.1" 200 604
[04/May/2026 17:10:21] "GET /api/health HTTP/1.1" 200 604
[04/May/2026 17:10:21] "GET /api/health HTTP/1.1" 200 604
[04/May/2026 17:10:22] "GET /api/health HTTP/1.1" 200 604
[04/May/2026 17:10:22] "GET /api/health HTTP/1.1" 200 604
[04/May/2026 17:10:23] "GET /api/health HTTP/1.1" 200 604
[04/May/2026 17:10:23] "GET /api/health HTTP/1.1" 200 604
[04/May/2026 17:10:24] "GET /api/health HTTP/1.1" 200 604
[04/May/2026 17:10:24] "GET /api/health HTTP/1.1" 200 604
[04/May/2026 17:10:25] "GET /api/health HTTP/1.1" 200 604
[04/May/2026 17:10:26] "GET /api/health HTTP/1.1" 200 604
[04/May/2026 17:10:27] "GET /api/health HTTP/1.1" 200 604
[04/May/2026 17:10:27] "GET /api/health HTTP/1.1" 200 604
[04/May/2026 17:10:28] "GET /api/health HTTP/1.1" 200 604
[04/May/2026 17:10:28] "GET /api/health HTTP/1.1" 200 604
[04/May/2026 17:10:29] "GET /api/health HTTP/1.1" 200 604
[04/May/2026 17:10:29] "GET /api/health HTTP/1.1" 200 604
[04/May/2026 17:10:30] "GET /api/health HTTP/1.1" 200 604
[04/May/2026 17:10:30] "OPTIONS /api/auth/me HTTP/1.1" 200 0
2026-05-04 17:10:30,819 WARNING [django.request] [request_id=-] Unauthorized: /api/auth/me
[04/May/2026 17:10:30] "GET /api/auth/me HTTP/1.1" 401 26
[04/May/2026 17:10:30] "OPTIONS /api/auth/me HTTP/1.1" 200 0
2026-05-04 17:10:30,820 WARNING [django.request] [request_id=-] Unauthorized: /api/auth/me
[04/May/2026 17:10:30] "GET /api/auth/me HTTP/1.1" 401 26
[04/May/2026 17:10:30] "OPTIONS /api/auth/refresh HTTP/1.1" 200 0
[04/May/2026 17:10:30] "POST /api/auth/refresh HTTP/1.1" 200 734
[04/May/2026 17:10:30] "OPTIONS /api/auth/me HTTP/1.1" 200 0
[04/May/2026 17:10:30] "OPTIONS /api/auth/me HTTP/1.1" 200 0
[04/May/2026 17:10:30] "GET /api/health HTTP/1.1" 200 604
[04/May/2026 17:10:30] "GET /api/auth/me HTTP/1.1" 200 183
[04/May/2026 17:10:30] "GET /api/auth/me HTTP/1.1" 200 183
[04/May/2026 17:10:31] "OPTIONS /api/profile/me HTTP/1.1" 200 0
[04/May/2026 17:10:31] "OPTIONS /api/profile/posts HTTP/1.1" 200 0
[04/May/2026 17:10:31] "GET /api/profile/me HTTP/1.1" 200 578
[04/May/2026 17:10:31] "GET /api/profile/posts HTTP/1.1" 200 1411
[04/May/2026 17:10:32] "GET /api/health HTTP/1.1" 200 604
[04/May/2026 17:10:32] "GET /media/student-avatars/cry.jpg HTTP/1.1" 200 9431
[04/May/2026 17:10:32] "GET /media/student-avatars/cry.png HTTP/1.1" 200 260426
[04/May/2026 17:10:32] "GET /media/student-avatars/0f1ea00611ec997fb76c7e04b2a1c50d.png HTTP/1.1" 200 494176
[04/May/2026 17:10:32] "GET /api/health HTTP/1.1" 200 604
[04/May/2026 17:10:33] "GET /api/health HTTP/1.1" 200 604
[04/May/2026 17:10:33] "GET /api/health HTTP/1.1" 200 604
[04/May/2026 17:10:34] "GET /api/health HTTP/1.1" 200 604
[04/May/2026 17:10:34] "GET /api/health HTTP/1.1" 200 604
[04/May/2026 17:10:35] "GET /api/health HTTP/1.1" 200 604
[04/May/2026 17:10:35] "GET /api/health HTTP/1.1" 200 604
[04/May/2026 17:10:36] "GET /api/health HTTP/1.1" 200 604
[04/May/2026 17:10:36] "GET /api/health HTTP/1.1" 200 604
[04/May/2026 17:10:38] "GET /api/health HTTP/1.1" 200 604
[04/May/2026 17:10:38] "GET /api/health HTTP/1.1" 200 604
[04/May/2026 17:10:39] "GET /api/health HTTP/1.1" 200 604
[04/May/2026 17:10:39] "GET /api/health HTTP/1.1" 200 604
[04/May/2026 17:10:40] "GET /api/health HTTP/1.1" 200 604
[04/May/2026 17:10:40] "GET /api/health HTTP/1.1" 200 604
[04/May/2026 17:10:41] "GET /api/health HTTP/1.1" 200 604
[04/May/2026 17:10:41] "GET /api/health HTTP/1.1" 200 604
[04/May/2026 17:10:42] "OPTIONS /api/auth/social/google/start HTTP/1.1" 200 0
[04/May/2026 17:10:42] "POST /api/auth/social/google/start HTTP/1.1" 200 355
[04/May/2026 17:10:42] "GET /api/health HTTP/1.1" 200 604
[04/May/2026 17:10:42] "GET /api/health HTTP/1.1" 200 604
[04/May/2026 17:10:43] "GET /api/health HTTP/1.1" 200 604
[04/May/2026 17:10:44] "GET /api/health HTTP/1.1" 200 604
[04/May/2026 17:10:45] "GET /api/health HTTP/1.1" 200 604
[04/May/2026 17:10:45] "GET /api/health HTTP/1.1" 200 604
[04/May/2026 17:10:46] "GET /api/health HTTP/1.1" 200 604
[04/May/2026 17:10:46] "GET /api/health HTTP/1.1" 200 604
[04/May/2026 17:10:47] "GET /api/health HTTP/1.1" 200 604
[04/May/2026 17:10:47] "GET /api/health HTTP/1.1" 200 604
[04/May/2026 17:10:48] "GET /api/health HTTP/1.1" 200 604
[04/May/2026 17:10:48] "GET /api/health HTTP/1.1" 200 604
[04/May/2026 17:10:49] "GET /api/health HTTP/1.1" 200 604
[04/May/2026 17:10:49] "GET /api/health HTTP/1.1" 200 604
[04/May/2026 17:10:51] "GET /api/health HTTP/1.1" 200 604
[04/May/2026 17:10:51] "GET /api/health HTTP/1.1" 200 604
[04/May/2026 17:10:52] "GET /api/health HTTP/1.1" 200 604
[04/May/2026 17:10:52] "GET /api/health HTTP/1.1" 200 604
[04/May/2026 17:10:53] "GET /api/health HTTP/1.1" 200 604
[04/May/2026 17:10:53] "GET /api/health HTTP/1.1" 200 604
[04/May/2026 17:10:54] "GET /api/health HTTP/1.1" 200 604
[04/May/2026 17:10:54] "GET /api/health HTTP/1.1" 200 604
[04/May/2026 17:10:55] "GET /api/health HTTP/1.1" 200 604
[04/May/2026 17:10:56] "GET /api/health HTTP/1.1" 200 604
[04/May/2026 17:10:57] "GET /api/health HTTP/1.1" 200 604
[04/May/2026 17:10:57] "GET /api/health HTTP/1.1" 200 604
[04/May/2026 17:10:58] "GET /api/health HTTP/1.1" 200 604
[04/May/2026 17:10:58] "GET /api/health HTTP/1.1" 200 604
[04/May/2026 17:10:59] "GET /api/health HTTP/1.1" 200 604
[04/May/2026 17:10:59] "GET /api/health HTTP/1.1" 200 604
[04/May/2026 17:11:00] "GET /api/health HTTP/1.1" 200 604
[04/May/2026 17:11:00] "GET /api/health HTTP/1.1" 200 604
[04/May/2026 17:11:01] "GET /api/health HTTP/1.1" 200 604
[04/May/2026 17:11:01] "GET /api/health HTTP/1.1" 200 604
[04/May/2026 17:11:03] "GET /api/health HTTP/1.1" 200 604
[04/May/2026 17:11:03] "GET /api/health HTTP/1.1" 200 604
[04/May/2026 17:11:04] "GET /api/health HTTP/1.1" 200 604
[04/May/2026 17:11:04] "GET /api/health HTTP/1.1" 200 604
[04/May/2026 17:11:05] "GET /api/health HTTP/1.1" 200 604
[04/May/2026 17:11:05] "GET /api/health HTTP/1.1" 200 604
[04/May/2026 17:11:06] "GET /api/health HTTP/1.1" 200 604
[04/May/2026 17:11:06] "GET /api/health HTTP/1.1" 200 604
[04/May/2026 17:11:07] "GET /api/health HTTP/1.1" 200 604
[04/May/2026 17:11:07] "GET /api/health HTTP/1.1" 200 604
[04/May/2026 17:11:08] "GET /api/health HTTP/1.1" 200 604
[04/May/2026 17:11:08] "GET /api/health HTTP/1.1" 200 604
[04/May/2026 17:11:10] "GET /api/health HTTP/1.1" 200 604
[04/May/2026 17:11:10] "GET /api/health HTTP/1.1" 200 604
[04/May/2026 17:11:11] "GET /api/health HTTP/1.1" 200 604
[04/May/2026 17:11:11] "GET /api/health HTTP/1.1" 200 604
[04/May/2026 17:11:12] "GET /api/health HTTP/1.1" 200 604
[04/May/2026 17:11:12] "GET /api/health HTTP/1.1" 200 604
[04/May/2026 17:11:13] "GET /api/health HTTP/1.1" 200 604
[04/May/2026 17:11:13] "GET /api/health HTTP/1.1" 200 604
[04/May/2026 17:11:14] "GET /api/health HTTP/1.1" 200 604
[04/May/2026 17:11:14] "GET /api/health HTTP/1.1" 200 604
[04/May/2026 17:11:15] "GET /api/health HTTP/1.1" 200 604
[04/May/2026 17:11:16] "GET /api/health HTTP/1.1" 200 604
[04/May/2026 17:11:17] "GET /api/health HTTP/1.1" 200 604
[04/May/2026 17:11:17] "GET /api/health HTTP/1.1" 200 604
[04/May/2026 17:11:18] "GET /api/health HTTP/1.1" 200 604
[04/May/2026 17:11:18] "GET /api/health HTTP/1.1" 200 604
[04/May/2026 17:11:19] "GET /api/health HTTP/1.1" 200 604
[04/May/2026 17:11:19] "GET /api/health HTTP/1.1" 200 604
[04/May/2026 17:11:20] "GET /api/health HTTP/1.1" 200 604
[04/May/2026 17:11:20] "GET /api/health HTTP/1.1" 200 604
[04/May/2026 17:11:21] "GET /api/health HTTP/1.1" 200 604
[04/May/2026 17:11:21] "GET /api/health HTTP/1.1" 200 604
[04/May/2026 17:11:23] "GET /api/health HTTP/1.1" 200 604
[04/May/2026 17:11:23] "GET /api/health HTTP/1.1" 200 604
[04/May/2026 17:11:24] "GET /api/health HTTP/1.1" 200 604
[04/May/2026 17:11:24] "GET /api/health HTTP/1.1" 200 604
[04/May/2026 17:11:25] "GET /api/health HTTP/1.1" 200 604
[04/May/2026 17:11:25] "GET /api/health HTTP/1.1" 200 604
[04/May/2026 17:11:26] "GET /api/health HTTP/1.1" 200 604
[04/May/2026 17:11:26] "GET /api/health HTTP/1.1" 200 604
[04/May/2026 17:11:27] "GET /api/health HTTP/1.1" 200 604
[04/May/2026 17:11:27] "GET /api/health HTTP/1.1" 200 604
[04/May/2026 17:11:28] "GET /api/health HTTP/1.1" 200 604
[04/May/2026 17:11:29] "GET /api/health HTTP/1.1" 200 604
[04/May/2026 17:11:30] "GET /api/health HTTP/1.1" 200 604
[04/May/2026 17:11:30] "GET /api/health HTTP/1.1" 200 604
[04/May/2026 17:11:31] "GET /api/health HTTP/1.1" 200 604
[04/May/2026 17:11:31] "GET /api/health HTTP/1.1" 200 604
[04/May/2026 17:11:32] "GET /api/health HTTP/1.1" 200 604
[04/May/2026 17:11:33] "GET /api/health HTTP/1.1" 200 604
[04/May/2026 17:11:34] "GET /api/health HTTP/1.1" 200 604
[04/May/2026 17:11:34] "GET /api/health HTTP/1.1" 200 604
[04/May/2026 17:11:35] "GET /api/health HTTP/1.1" 200 604
[04/May/2026 17:11:35] "GET /api/health HTTP/1.1" 200 604
[04/May/2026 17:11:36] "GET /api/health HTTP/1.1" 200 604
[04/May/2026 17:11:36] "GET /api/health HTTP/1.1" 200 604
[04/May/2026 17:11:37] "GET /api/health HTTP/1.1" 200 604
[04/May/2026 17:11:37] "GET /api/health HTTP/1.1" 200 604
[04/May/2026 17:11:38] "GET /api/health HTTP/1.1" 200 604
[04/May/2026 17:11:38] "GET /api/health HTTP/1.1" 200 604
[04/May/2026 17:11:39] "GET /api/health HTTP/1.1" 200 604
[04/May/2026 17:11:40] "GET /api/health HTTP/1.1" 200 604
[04/May/2026 17:11:41] "GET /api/health HTTP/1.1" 200 604
[04/May/2026 17:11:41] "GET /api/health HTTP/1.1" 200 604
[04/May/2026 17:11:42] "GET /api/health HTTP/1.1" 200 604
[04/May/2026 17:11:42] "GET /api/health HTTP/1.1" 200 604
[04/May/2026 17:11:43] "GET /api/health HTTP/1.1" 200 604
[04/May/2026 17:11:43] "GET /api/health HTTP/1.1" 200 604
[04/May/2026 17:11:44] "GET /api/health HTTP/1.1" 200 604
[04/May/2026 17:11:44] "GET /api/health HTTP/1.1" 200 604
[04/May/2026 17:11:45] "GET /api/health HTTP/1.1" 200 604
[04/May/2026 17:11:45] "GET /api/health HTTP/1.1" 200 604
[04/May/2026 17:11:47] "GET /api/health HTTP/1.1" 200 604
[04/May/2026 17:11:47] "GET /api/health HTTP/1.1" 200 604
[04/May/2026 17:11:48] "GET /api/health HTTP/1.1" 200 604
[04/May/2026 17:11:48] "GET /api/health HTTP/1.1" 200 604
[04/May/2026 17:11:49] "GET /api/health HTTP/1.1" 200 604
[04/May/2026 17:11:49] "GET /api/health HTTP/1.1" 200 604
[04/May/2026 17:11:50] "GET /api/health HTTP/1.1" 200 604
[04/May/2026 17:11:50] "GET /api/health HTTP/1.1" 200 604
[04/May/2026 17:11:51] "GET /api/health HTTP/1.1" 200 604
[04/May/2026 17:11:51] "GET /api/health HTTP/1.1" 200 604
[04/May/2026 17:11:52] "GET /api/health HTTP/1.1" 200 604
[04/May/2026 17:11:53] "GET /api/health HTTP/1.1" 200 604
[04/May/2026 17:11:54] "GET /api/health HTTP/1.1" 200 604
[04/May/2026 17:11:54] "GET /api/health HTTP/1.1" 200 604
[04/May/2026 17:11:55] "GET /api/health HTTP/1.1" 200 604
[04/May/2026 17:11:55] "GET /api/health HTTP/1.1" 200 604
[04/May/2026 17:11:56] "GET /api/health HTTP/1.1" 200 604
[04/May/2026 17:11:56] "GET /api/health HTTP/1.1" 200 604
[04/May/2026 17:11:57] "GET /api/health HTTP/1.1" 200 604
[04/May/2026 17:11:57] "GET /api/health HTTP/1.1" 200 604
[04/May/2026 17:11:58] "GET /api/health HTTP/1.1" 200 604
[04/May/2026 17:11:58] "GET /api/health HTTP/1.1" 200 604
[04/May/2026 17:11:59] "GET /api/health HTTP/1.1" 200 604
[04/May/2026 17:12:00] "GET /api/health HTTP/1.1" 200 604
[04/May/2026 17:12:01] "GET /api/health HTTP/1.1" 200 604
[04/May/2026 17:12:01] "GET /api/health HTTP/1.1" 200 604
[04/May/2026 17:12:02] "GET /api/health HTTP/1.1" 200 604
[04/May/2026 17:12:02] "GET /api/health HTTP/1.1" 200 604
[04/May/2026 17:12:03] "GET /api/health HTTP/1.1" 200 604
[04/May/2026 17:12:03] "GET /api/health HTTP/1.1" 200 604
[04/May/2026 17:12:04] "GET /api/health HTTP/1.1" 200 604
[04/May/2026 17:12:04] "GET /api/health HTTP/1.1" 200 604
[04/May/2026 17:12:05] "GET /api/health HTTP/1.1" 200 604
[04/May/2026 17:12:05] "GET /api/health HTTP/1.1" 200 604
[04/May/2026 17:12:06] "GET /api/health HTTP/1.1" 200 604
[04/May/2026 17:12:07] "GET /api/health HTTP/1.1" 200 604
[04/May/2026 17:12:08] "GET /api/health HTTP/1.1" 200 604
[04/May/2026 17:12:08] "GET /api/health HTTP/1.1" 200 604
[04/May/2026 17:12:09] "GET /api/health HTTP/1.1" 200 604
[04/May/2026 17:12:09] "GET /api/health HTTP/1.1" 200 604
[04/May/2026 17:12:10] "GET /api/health HTTP/1.1" 200 604
[04/May/2026 17:12:10] "GET /api/health HTTP/1.1" 200 604
[04/May/2026 17:12:11] "GET /api/health HTTP/1.1" 200 604
[04/May/2026 17:12:11] "GET /api/health HTTP/1.1" 200 604
[04/May/2026 17:12:12] "GET /api/health HTTP/1.1" 200 604
[04/May/2026 17:12:12] "GET /api/health HTTP/1.1" 200 604
[04/May/2026 17:12:13] "GET /api/health HTTP/1.1" 200 604
[04/May/2026 17:12:14] "GET /api/health HTTP/1.1" 200 604
[04/May/2026 17:12:15] "GET /api/health HTTP/1.1" 200 604
[04/May/2026 17:12:15] "GET /api/health HTTP/1.1" 200 604
[04/May/2026 17:12:16] "GET /api/health HTTP/1.1" 200 604
[04/May/2026 17:12:16] "GET /api/health HTTP/1.1" 200 604
[04/May/2026 17:12:17] "GET /api/health HTTP/1.1" 200 604
[04/May/2026 17:12:17] "GET /api/health HTTP/1.1" 200 604
[04/May/2026 17:12:18] "GET /api/health HTTP/1.1" 200 604
[04/May/2026 17:12:18] "GET /api/health HTTP/1.1" 200 604
[04/May/2026 17:12:19] "GET /api/health HTTP/1.1" 200 604
[04/May/2026 17:12:19] "GET /api/health HTTP/1.1" 200 604
[04/May/2026 17:12:20] "GET /api/health HTTP/1.1" 200 604
[04/May/2026 17:12:21] "GET /api/health HTTP/1.1" 200 604
[04/May/2026 17:12:22] "GET /api/health HTTP/1.1" 200 604
[04/May/2026 17:12:22] "GET /api/health HTTP/1.1" 200 604
[04/May/2026 17:12:23] "GET /api/health HTTP/1.1" 200 604
[04/May/2026 17:12:23] "GET /api/health HTTP/1.1" 200 604
[04/May/2026 17:12:24] "GET /api/health HTTP/1.1" 200 604
[04/May/2026 17:12:24] "GET /api/health HTTP/1.1" 200 604
[04/May/2026 17:12:25] "GET /api/health HTTP/1.1" 200 604
[04/May/2026 17:12:25] "GET /api/health HTTP/1.1" 200 604
[04/May/2026 17:12:26] "GET /api/health HTTP/1.1" 200 604
[04/May/2026 17:12:26] "GET /api/health HTTP/1.1" 200 604
[04/May/2026 17:12:28] "GET /api/health HTTP/1.1" 200 604
[04/May/2026 17:12:28] "GET /api/health HTTP/1.1" 200 604
[04/May/2026 17:12:29] "GET /api/health HTTP/1.1" 200 604
[04/May/2026 17:12:29] "GET /api/health HTTP/1.1" 200 604
[04/May/2026 17:12:30] "GET /api/health HTTP/1.1" 200 604
[04/May/2026 17:12:30] "GET /api/health HTTP/1.1" 200 604
[04/May/2026 17:12:31] "GET /api/health HTTP/1.1" 200 604
[04/May/2026 17:12:31] "GET /api/health HTTP/1.1" 200 604
[04/May/2026 17:12:32] "GET /api/health HTTP/1.1" 200 604
[04/May/2026 17:12:32] "GET /api/health HTTP/1.1" 200 604
[04/May/2026 17:12:33] "GET /api/health HTTP/1.1" 200 604
[04/May/2026 17:12:33] "GET /api/health HTTP/1.1" 200 604
[04/May/2026 17:12:35] "GET /api/health HTTP/1.1" 200 604
[04/May/2026 17:12:35] "GET /api/health HTTP/1.1" 200 604
[04/May/2026 17:12:36] "GET /api/health HTTP/1.1" 200 604
[04/May/2026 17:12:36] "GET /api/health HTTP/1.1" 200 604
[04/May/2026 17:12:37] "GET /api/health HTTP/1.1" 200 604
[04/May/2026 17:12:37] "GET /api/health HTTP/1.1" 200 604
[04/May/2026 17:12:38] "GET /api/health HTTP/1.1" 200 604
[04/May/2026 17:12:38] "GET /api/health HTTP/1.1" 200 604
[04/May/2026 17:12:39] "GET /api/health HTTP/1.1" 200 604
[04/May/2026 17:12:39] "GET /api/health HTTP/1.1" 200 604
[04/May/2026 17:12:40] "GET /api/health HTTP/1.1" 200 604
[04/May/2026 17:12:41] "GET /api/health HTTP/1.1" 200 604
[04/May/2026 17:12:42] "GET /api/health HTTP/1.1" 200 604
[04/May/2026 17:12:42] "GET /api/health HTTP/1.1" 200 604
[04/May/2026 17:12:43] "GET /api/health HTTP/1.1" 200 604
[04/May/2026 17:12:43] "GET /api/health HTTP/1.1" 200 604
[04/May/2026 17:12:44] "GET /api/health HTTP/1.1" 200 604
[04/May/2026 17:12:44] "GET /api/health HTTP/1.1" 200 604
[04/May/2026 17:12:45] "GET /api/health HTTP/1.1" 200 604
[04/May/2026 17:12:45] "GET /api/health HTTP/1.1" 200 604
[04/May/2026 17:12:46] "GET /api/health HTTP/1.1" 200 604
[04/May/2026 17:12:46] "GET /api/health HTTP/1.1" 200 604
[04/May/2026 17:12:47] "GET /api/health HTTP/1.1" 200 604
[04/May/2026 17:12:48] "GET /api/health HTTP/1.1" 200 604
[04/May/2026 17:12:49] "GET /api/health HTTP/1.1" 200 604
[04/May/2026 17:12:49] "GET /api/health HTTP/1.1" 200 604
[04/May/2026 17:12:50] "GET /api/health HTTP/1.1" 200 604
[04/May/2026 17:12:50] "GET /api/health HTTP/1.1" 200 604
[04/May/2026 17:12:51] "GET /api/health HTTP/1.1" 200 604
[04/May/2026 17:12:51] "GET /api/health HTTP/1.1" 200 604
[04/May/2026 17:12:52] "GET /api/health HTTP/1.1" 200 604
[04/May/2026 17:12:52] "GET /api/health HTTP/1.1" 200 604
[04/May/2026 17:12:53] "GET /api/health HTTP/1.1" 200 604
[04/May/2026 17:12:53] "GET /api/health HTTP/1.1" 200 604
[04/May/2026 17:12:54] "GET /api/health HTTP/1.1" 200 604
[04/May/2026 17:12:55] "GET /api/health HTTP/1.1" 200 604
[04/May/2026 17:12:56] "GET /api/health HTTP/1.1" 200 604
[04/May/2026 17:12:56] "GET /api/health HTTP/1.1" 200 604
[04/May/2026 17:12:57] "GET /api/health HTTP/1.1" 200 604
[04/May/2026 17:12:57] "GET /api/health HTTP/1.1" 200 604
[04/May/2026 17:12:58] "GET /api/health HTTP/1.1" 200 604
[04/May/2026 17:12:58] "GET /api/health HTTP/1.1" 200 604
[04/May/2026 17:12:59] "GET /api/health HTTP/1.1" 200 604
[04/May/2026 17:12:59] "GET /api/health HTTP/1.1" 200 604
[04/May/2026 17:13:00] "GET /api/health HTTP/1.1" 200 604
[04/May/2026 17:13:00] "GET /api/health HTTP/1.1" 200 604
[04/May/2026 17:13:01] "GET /api/health HTTP/1.1" 200 604
[04/May/2026 17:13:02] "GET /api/health HTTP/1.1" 200 604
[04/May/2026 17:13:03] "GET /api/health HTTP/1.1" 200 604
[04/May/2026 17:13:03] "GET /api/health HTTP/1.1" 200 604
[04/May/2026 17:13:04] "GET /api/health HTTP/1.1" 200 604
[04/May/2026 17:13:04] "GET /api/health HTTP/1.1" 200 604
[04/May/2026 17:13:05] "GET /api/health HTTP/1.1" 200 604
[04/May/2026 17:13:05] "GET /api/health HTTP/1.1" 200 604
[04/May/2026 17:13:06] "GET /api/health HTTP/1.1" 200 604
[04/May/2026 17:13:06] "GET /api/health HTTP/1.1" 200 604
[04/May/2026 17:13:07] "GET /api/health HTTP/1.1" 200 604
[04/May/2026 17:13:07] "GET /api/health HTTP/1.1" 200 604
[04/May/2026 17:13:09] "GET /api/health HTTP/1.1" 200 604
[04/May/2026 17:13:09] "GET /api/health HTTP/1.1" 200 604
[04/May/2026 17:13:10] "GET /api/health HTTP/1.1" 200 604
[04/May/2026 17:13:10] "GET /api/health HTTP/1.1" 200 604
[04/May/2026 17:13:11] "GET /api/health HTTP/1.1" 200 604
[04/May/2026 17:13:11] "GET /api/health HTTP/1.1" 200 604
[04/May/2026 17:13:12] "GET /api/health HTTP/1.1" 200 604
[04/May/2026 17:13:12] "GET /api/health HTTP/1.1" 200 604
[04/May/2026 17:13:13] "GET /api/health HTTP/1.1" 200 604
[04/May/2026 17:13:13] "GET /api/health HTTP/1.1" 200 604
[04/May/2026 17:13:14] "GET /api/health HTTP/1.1" 200 604
[04/May/2026 17:13:14] "GET /api/health HTTP/1.1" 200 604
[04/May/2026 17:13:16] "GET /api/health HTTP/1.1" 200 604
[04/May/2026 17:13:16] "GET /api/health HTTP/1.1" 200 604
[04/May/2026 17:13:17] "GET /api/health HTTP/1.1" 200 604
[04/May/2026 17:13:17] "GET /api/health HTTP/1.1" 200 604
[04/May/2026 17:13:18] "GET /api/health HTTP/1.1" 200 604
[04/May/2026 17:13:18] "GET /api/health HTTP/1.1" 200 604
[04/May/2026 17:13:19] "GET /api/health HTTP/1.1" 200 604
[04/May/2026 17:13:19] "GET /api/health HTTP/1.1" 200 604
[04/May/2026 17:13:20] "GET /api/health HTTP/1.1" 200 604
[04/May/2026 17:13:20] "GET /api/health HTTP/1.1" 200 604
[04/May/2026 17:13:21] "GET /api/health HTTP/1.1" 200 604
[04/May/2026 17:13:21] "GET /api/health HTTP/1.1" 200 604
[04/May/2026 17:13:23] "GET /api/health HTTP/1.1" 200 604
[04/May/2026 17:13:23] "GET /api/health HTTP/1.1" 200 604
[04/May/2026 17:13:24] "GET /api/health HTTP/1.1" 200 604
[04/May/2026 17:13:24] "GET /api/health HTTP/1.1" 200 604
[04/May/2026 17:13:25] "GET /api/health HTTP/1.1" 200 604
[04/May/2026 17:13:25] "GET /api/health HTTP/1.1" 200 604
[04/May/2026 17:13:26] "GET /api/health HTTP/1.1" 200 604
[04/May/2026 17:13:26] "GET /api/health HTTP/1.1" 200 604
[04/May/2026 17:13:27] "GET /api/health HTTP/1.1" 200 604
[04/May/2026 17:13:27] "GET /api/health HTTP/1.1" 200 604
[04/May/2026 17:13:28] "GET /api/health HTTP/1.1" 200 604
[04/May/2026 17:13:29] "GET /api/health HTTP/1.1" 200 604
[04/May/2026 17:13:30] "GET /api/health HTTP/1.1" 200 604
[04/May/2026 17:13:30] "GET /api/health HTTP/1.1" 200 604
[04/May/2026 17:13:31] "GET /api/health HTTP/1.1" 200 604
[04/May/2026 17:13:31] "GET /api/health HTTP/1.1" 200 604
[04/May/2026 17:13:32] "GET /api/health HTTP/1.1" 200 604
[04/May/2026 17:13:32] "GET /api/health HTTP/1.1" 200 604
[04/May/2026 17:13:33] "GET /api/health HTTP/1.1" 200 604
[04/May/2026 17:13:33] "GET /api/health HTTP/1.1" 200 604
[04/May/2026 17:13:34] "GET /api/health HTTP/1.1" 200 604
[04/May/2026 17:13:34] "GET /api/health HTTP/1.1" 200 604
[04/May/2026 17:13:35] "GET /api/health HTTP/1.1" 200 604
[04/May/2026 17:13:36] "GET /api/health HTTP/1.1" 200 604
[04/May/2026 17:13:37] "GET /api/health HTTP/1.1" 200 604
[04/May/2026 17:13:37] "GET /api/health HTTP/1.1" 200 604
[04/May/2026 17:13:38] "GET /api/health HTTP/1.1" 200 604
[04/May/2026 17:13:38] "GET /api/health HTTP/1.1" 200 604
[04/May/2026 17:13:39] "GET /api/health HTTP/1.1" 200 604
[04/May/2026 17:13:39] "GET /api/health HTTP/1.1" 200 604
[04/May/2026 17:13:40] "GET /api/health HTTP/1.1" 200 604
[04/May/2026 17:13:40] "GET /api/health HTTP/1.1" 200 604
[04/May/2026 17:13:41] "GET /api/health HTTP/1.1" 200 604
[04/May/2026 17:13:41] "GET /api/health HTTP/1.1" 200 604
[04/May/2026 17:13:42] "GET /api/health HTTP/1.1" 200 604
[04/May/2026 17:13:43] "GET /api/health HTTP/1.1" 200 604
[04/May/2026 17:13:44] "GET /api/health HTTP/1.1" 200 604
[04/May/2026 17:13:44] "GET /api/health HTTP/1.1" 200 604
[04/May/2026 17:13:45] "GET /api/health HTTP/1.1" 200 604
[04/May/2026 17:13:45] "GET /api/health HTTP/1.1" 200 604
[04/May/2026 17:13:46] "GET /api/health HTTP/1.1" 200 604
[04/May/2026 17:13:46] "GET /api/health HTTP/1.1" 200 604
[04/May/2026 17:13:47] "GET /api/health HTTP/1.1" 200 604
[04/May/2026 17:13:47] "GET /api/health HTTP/1.1" 200 604
[04/May/2026 17:13:48] "GET /api/health HTTP/1.1" 200 604
[04/May/2026 17:13:48] "GET /api/health HTTP/1.1" 200 604
[04/May/2026 17:13:49] "GET /api/health HTTP/1.1" 200 604
[04/May/2026 17:13:50] "GET /api/health HTTP/1.1" 200 604
[04/May/2026 17:13:51] "GET /api/health HTTP/1.1" 200 604
[04/May/2026 17:13:51] "GET /api/health HTTP/1.1" 200 604
[04/May/2026 17:13:52] "GET /api/health HTTP/1.1" 200 604
[04/May/2026 17:13:52] "GET /api/health HTTP/1.1" 200 604
[04/May/2026 17:13:53] "GET /api/health HTTP/1.1" 200 604
[04/May/2026 17:13:53] "GET /api/health HTTP/1.1" 200 604
