[2026-05-04 17:05:12,117: INFO/MainProcess] beat: Starting...
[2026-05-04 17:05:12,132: INFO/MainProcess] Scheduler: Sending due task dispatch-due-email-deliveries-every-minute (operations.tasks.dispatch_due_email_deliveries_task)
[2026-05-04 17:06:00,000: INFO/MainProcess] Scheduler: Sending due task dispatch-due-email-deliveries-every-minute (operations.tasks.dispatch_due_email_deliveries_task)
[2026-05-04 17:07:00,000: INFO/MainProcess] Scheduler: Sending due task dispatch-due-email-deliveries-every-minute (operations.tasks.dispatch_due_email_deliveries_task)
[2026-05-04 17:08:00,000: INFO/MainProcess] Scheduler: Sending due task dispatch-due-email-deliveries-every-minute (operations.tasks.dispatch_due_email_deliveries_task)
[2026-05-04 17:09:00,000: INFO/MainProcess] Scheduler: Sending due task dispatch-due-email-deliveries-every-minute (operations.tasks.dispatch_due_email_deliveries_task)
[2026-05-04 17:10:00,000: INFO/MainProcess] Scheduler: Sending due task dispatch-due-email-deliveries-every-minute (operations.tasks.dispatch_due_email_deliveries_task)
[2026-05-04 17:11:00,000: INFO/MainProcess] Scheduler: Sending due task dispatch-due-email-deliveries-every-minute (operations.tasks.dispatch_due_email_deliveries_task)
[2026-05-04 17:12:00,000: INFO/MainProcess] Scheduler: Sending due task dispatch-due-email-deliveries-every-minute (operations.tasks.dispatch_due_email_deliveries_task)
[2026-05-04 17:13:00,000: INFO/MainProcess] Scheduler: Sending due task dispatch-due-email-deliveries-every-minute (operations.tasks.dispatch_due_email_deliveries_task)
[2026-05-04 17:14:00,000: INFO/MainProcess] Scheduler: Sending due task dispatch-due-email-deliveries-every-minute (operations.tasks.dispatch_due_email_deliveries_task)
celery beat v5.4.0 (opalescent) is starting.
__    -    ... __   -        _
LocalTime -> 2026-05-04 17:05:12
Configuration ->
    . broker -> redis://127.0.0.1:6379/0
    . loader -> celery.loaders.app.AppLoader
    . scheduler -> celery.beat.PersistentScheduler
    . db -> celerybeat-schedule
    . logfile -> [stderr]@%INFO
    . maxinterval -> 5.00 minutes (300s)
