Resolving dependencies...
Downloading packages...
  audio_session 0.1.25 (0.2.3 available)
  flutter_lints 4.0.0 (6.0.0 available)
  flutter_riverpod 2.6.1 (3.3.1 available)
  flutter_secure_storage 9.2.4 (10.0.0 available)
  flutter_secure_storage_linux 1.2.3 (3.0.0 available)
  flutter_secure_storage_macos 3.1.3 (4.0.0 available)
  flutter_secure_storage_platform_interface 1.1.2 (2.0.1 available)
  flutter_secure_storage_web 1.2.1 (2.1.0 available)
  flutter_secure_storage_windows 3.1.2 (4.1.0 available)
  go_router 14.8.1 (17.2.3 available)
  google_fonts 6.3.3 (8.1.0 available)
  js 0.6.7 (0.7.2 available)
  just_audio 0.9.46 (0.10.5 available)
  lints 4.0.0 (6.1.0 available)
  matcher 0.12.19 (0.12.20 available)
  meta 1.17.0 (1.18.2 available)
  native_toolchain_c 0.17.6 (0.18.0 available)
  riverpod 2.6.1 (3.2.1 available)
  test_api 0.7.10 (0.7.12 available)
  vector_math 2.2.0 (2.3.0 available)
  win32 5.15.0 (6.1.0 available)
Got dependencies!
21 packages have newer versions incompatible with dependency constraints.
Try `flutter pub outdated` for more information.
Launching lib/main.dart on Linux in debug mode...
Building Linux application...                                   
✓ Built build/linux/x64/debug/bundle/vibe_studying_mobile
Syncing files to device Linux...                                    91ms

Flutter run key commands.
r Hot reload. 🔥🔥🔥
R Hot restart.
h List all available interactive commands.
d Detach (terminate "flutter run" but leave application running).
c Clear the screen
q Quit (terminate the application on the device).

A Dart VM Service on Linux is available at: http://127.0.0.1:36969/poibgIc_sIE=/
The Flutter DevTools debugger and profiler on Linux is available at: http://127.0.0.1:36969/poibgIc_sIE=/devtools/?uri=ws://127.0.0.1:36969/poibgIc_sIE=/ws
Application finished.
